[07-17 10:46:05] [INFO] [GXB:171] 偷取用户  kakaxjr 的 LVCOIN 0.00287 个
[07-17 10:46:09] [INFO] [GXB:171] 偷取用户  mzsdreams 的 GXS 4.7E-4 个
[07-17 10:46:26] [INFO] [GXB:171] 偷取用户  futureMan 的 LUCIA 0.00928 个
[07-17 10:47:10] [INFO] [GXB:171] 偷取用户  歇洛克 的 GXS 2.7E-4 个
[07-17 10:48:06] [INFO] [GXB:171] 偷取用户  kakaxjr 的 LUCIA 0.00547 个
[07-17 10:48:11] [INFO] [GXB:171] 偷取用户  戊戌成 的 PPS 0.00135 个
[07-17 10:48:17] [INFO] [GXB:171] 偷取用户  漫游华尔街 的 GXS 4.8E-4 个
[07-17 10:50:07] [ERROR] [GxbHttp:37] java.net.SocketTimeoutException: connect timed out
[07-17 10:50:20] [INFO] [GXB:171] 偷取用户  一般般啦！ 的 PPS 0.00467 个
[07-17 10:50:26] [INFO] [GXB:171] 偷取用户  WLSong 的 LUCIA 0.02083 个
[07-17 10:50:30] [INFO] [GXB:214] 偷取用户里柳的GXS 1.0E-4个
[07-17 10:50:30] [INFO] [GXB:214] 偷取用户里柳的GXS 1.0E-4个
[07-17 10:54:17] [INFO] [GXB:171] 偷取用户  合作共赢天下 的 LVCOIN 0.0038 个
[07-17 10:56:06] [INFO] [GXB:171] 偷取用户  零度的忧伤 的 GXS 1.6E-4 个
[07-17 10:56:08] [INFO] [GXB:171] 偷取用户  漫游华尔街 的 GXS 4.7E-4 个
[07-17 10:58:58] [INFO] [GXB:171] 偷取用户  人人贷 的 BDB 0.01508 个
[07-17 11:06:04] [INFO] [GXB:171] 偷取用户  WLSong 的 GXS 0.00259 个
[07-17 11:11:58] [INFO] [GXB:171] 偷取用户  @花满楼& 的 GXS 9.0E-5 个
[07-17 11:13:01] [INFO] [GXB:214] 偷取用户 Yc御晨 的 LVCOIN 0.00341 个
[07-17 11:17:00] [INFO] [GXB:171] 偷取用户  diaoslee 的 BDB 0.02846 个
[07-17 11:18:05] [INFO] [GXB:214] 偷取用户 韭菜王者 的 GXS 2.9E-4 个
[07-17 11:19:12] [INFO] [GXB:171] 偷取用户  忆香艾尔 的 GXS 4.0E-4 个
[07-17 11:21:03] [INFO] [GXB:171] 偷取用户  心有阳光123 的 LUCIA 0.00143 个
[07-17 11:22:58] [INFO] [GXB:171] 偷取用户  心有阳光123 的 BDB 0.00458 个
[07-17 11:30:00] [INFO] [GXB:171] 偷取用户  快乐的桔子 的 PPS 0.00313 个
[07-17 11:34:51] [INFO] [GXB:171] 偷取用户  战小贱 的 GXS 9.2E-4 个
[07-17 11:42:14] [INFO] [GXB:171] 偷取用户  小月姐姐 的 BCDN 0.00606 个
[07-17 11:44:00] [INFO] [GXB:171] 偷取用户  kakaxjr 的 PPS 0.01137 个
[07-17 11:45:09] [INFO] [GXB:171] 偷取用户  挖矿的韭菜 的 GXS 9.6E-4 个
[07-17 11:49:14] [INFO] [GXB:171] 偷取用户  努力装钱 的 GXS 0.00173 个
[07-17 11:55:17] [INFO] [GXB:171] 偷取用户  碧血青天 的 LUCIA 0.0033 个
[07-17 11:56:15] [INFO] [GXB:171] 偷取用户  王家老三 的 LVCOIN 0.00177 个
[07-17 12:06:13] [INFO] [GXB:171] 偷取用户  kiss霸王 的 LUCIA 0.00903 个
[07-17 12:07:58] [INFO] [GXB:171] 偷取用户  江南无限好 的 GXS 2.6E-4 个
[07-17 12:24:13] [INFO] [GXB:171] 偷取用户  江南无限好 的 LUCIA 0.002 个
[07-17 12:27:12] [INFO] [GXB:171] 偷取用户  小月姐姐 的 GXS 4.9E-4 个
[07-17 12:27:16] [INFO] [GXB:171] 偷取用户  拒$绝 的 BDB 0.0059 个
[07-17 12:33:09] [INFO] [GXB:171] 偷取用户  凄美星空 的 BDB 0.00859 个
[07-17 12:35:29] [INFO] [GXB:171] 偷取用户  明星Lillian 的 LVCOIN 0.0037 个
[07-17 12:42:12] [INFO] [GXB:171] 偷取用户  碧血青天 的 GXS 4.2E-4 个
[07-17 12:42:13] [INFO] [GXB:171] 偷取用户  挖矿的韭菜 的 BDB 0.01494 个
[07-17 12:49:22] [INFO] [GXB:171] 偷取用户  快乐的桔子 的 PPS 0.00156 个
[07-17 12:52:25] [INFO] [GXB:171] 偷取用户  挖矿的韭菜 的 LUCIA 0.02796 个
[07-17 12:53:12] [INFO] [GXB:171] 偷取用户  倔强的蝎子 的 GXS 6.0E-4 个
[07-17 12:53:17] [INFO] [GXB:214] 偷取用户 韭菜王者 的 PPS 0.00925 个
[07-17 12:58:09] [INFO] [GXB:171] 偷取用户  陌陌小莫 的 GXS 4.3E-4 个
[07-17 13:01:11] [INFO] [GXB:171] 偷取用户  叶惠链 的 LUCIA 0.00199 个
[07-17 13:05:09] [INFO] [GXB:171] 偷取用户  低调的整一下 的 BDB 0.00647 个
[07-17 13:07:19] [INFO] [GXB:171] 偷取用户  漫游华尔街 的 GXS 9.3E-4 个
[07-17 13:08:04] [INFO] [GXB:171] 偷取用户  @花满楼& 的 GXS 9.0E-5 个
[07-17 13:10:13] [INFO] [GXB:171] 偷取用户  文礼永存 的 GXS 3.1E-4 个
[07-17 13:11:08] [INFO] [GXB:171] 偷取用户  @花满楼& 的 GXS 9.0E-5 个
[07-17 13:13:03] [INFO] [GXB:214] 偷取用户 Yc御晨 的 LUCIA 0.01945 个
[07-17 13:13:58] [INFO] [GXB:171] 偷取用户  努力装钱 的 LUCIA 0.00226 个
[07-17 13:15:07] [INFO] [GXB:171] 偷取用户  大boss的爹 的 LVCOIN 0.00212 个
[07-17 13:22:05] [INFO] [GXB:171] 偷取用户  lgn 的 GXS 3.4E-4 个
[07-17 13:25:00] [INFO] [GXB:171] 偷取用户  凄美星空 的 BDB 0.00477 个
[07-17 13:28:15] [INFO] [GXB:171] 偷取用户  戴佳娟 的 PPS 0.00387 个
[07-17 13:31:07] [INFO] [GXB:214] 偷取用户 若楦 的 LVCOIN 0.00169 个
[07-17 13:34:07] [INFO] [GXB:171] 偷取用户  凯&盛 的 BDB 0.00546 个
[07-17 13:36:14] [INFO] [GXB:171] 偷取用户  陌陌小莫 的 BDB 0.01083 个
[07-17 13:36:58] [INFO] [GXB:171] 偷取用户  熊汪 的 LUCIA 0.01043 个
[07-17 13:38:16] [INFO] [GXB:171] 偷取用户  快乐的桔子 的 BDB 0.00483 个
[07-17 13:43:59] [INFO] [GXB:214] 偷取用户 若楦 的 BDB 0.00518 个
[07-17 13:46:03] [INFO] [GXB:171] 偷取用户  明星Lillian 的 GXS 4.5E-4 个
[07-17 13:46:58] [INFO] [GXB:171] 偷取用户  人人贷 的 PPS 0.00489 个
[07-17 13:50:00] [INFO] [GXB:171] 偷取用户  忆香艾尔 的 PPS 0.00675 个
[07-17 13:52:13] [INFO] [GXB:171] 偷取用户  三十一· 的 LVCOIN 0.00241 个
[07-17 13:54:59] [INFO] [GXB:171] 偷取用户  心有阳光123 的 LVCOIN 0.00598 个
[07-17 14:00:03] [INFO] [GXB:171] 偷取用户  大boss的爹 的 LUCIA 0.00405 个
[07-17 14:06:59] [INFO] [GXB:171] 偷取用户  歇洛克 的 LUCIA 0.00208 个
[07-17 14:09:20] [INFO] [GXB:171] 偷取用户  文礼永存 的 GXS 3.0E-4 个
[07-17 14:10:15] [INFO] [GXB:171] 偷取用户  diaoslee 的 LUCIA 0.02662 个
[07-17 14:10:27] [INFO] [GXB:171] 偷取用户  A将军 的 PPS 0.00411 个
[07-17 14:10:29] [INFO] [GXB:171] 偷取用户  戊戌成 的 LVCOIN 0.00227 个
[07-17 14:16:06] [INFO] [GXB:171] 偷取用户  快乐的桔子 的 BDB 0.00483 个
[07-17 14:29:04] [INFO] [GXB:171] 偷取用户  邀请码FWDGXV 的 GXS 0.00113 个
[07-17 14:34:59] [INFO] [GXB:171] 偷取用户  事与梦相违 的 LUCIA 0.00169 个
[07-17 14:38:03] [INFO] [GXB:171] 偷取用户  忆香艾尔 的 BDB 0.01042 个
[07-17 14:45:21] [INFO] [GXB:171] 偷取用户  大boss的爹 的 PPS 0.00211 个
[07-17 14:47:18] [INFO] [GXB:171] 偷取用户  *刘洋 的 GXS 4.8E-4 个
[07-17 14:55:03] [INFO] [GXB:171] 偷取用户  王家老三 的 PPS 0.00391 个
[07-17 14:55:04] [INFO] [GXB:214] 偷取用户 luckylucky 的 PPS 0.0056 个
[07-17 14:55:29] [INFO] [GXB:171] 偷取用户  三十一· 的 PPS 0.00239 个
[07-17 14:58:02] [INFO] [GXB:214] 偷取用户 一间堡大骗子 的 LUCIA 0.00995 个
[07-17 15:01:18] [INFO] [GXB:171] 偷取用户  懒张 的 GXS 4.3E-4 个
[07-17 15:02:03] [INFO] [GXB:214] 偷取用户 一间堡大骗子 的 BDB 0.01596 个
[07-17 15:06:00] [INFO] [GXB:171] 偷取用户  雄哥哥 的 GXS 5.7E-4 个
[07-17 15:10:00] [INFO] [GXB:171] 偷取用户  合作共赢天下 的 BDB 0.05165 个
[07-17 15:10:04] [INFO] [GXB:171] 偷取用户  熊汪 的 PPS 0.00542 个
[07-17 15:12:10] [INFO] [GXB:214] 偷取用户 若楦 的 GXS 4.0E-4 个
[07-17 15:17:05] [INFO] [GXB:171] 偷取用户  kakaxjr 的 BDB 0.00877 个
[07-17 15:17:09] [INFO] [GXB:171] 偷取用户  sfly 的 BDB 0.00452 个
[07-17 15:18:00] [INFO] [GXB:171] 偷取用户  淡忘的 的 LVCOIN 0.00866 个
[07-17 15:24:04] [INFO] [GXB:171] 偷取用户  *刘洋 的 BDB 0.00664 个
[07-17 15:26:10] [INFO] [GXB:171] 偷取用户  合作共赢天下 的 BDB 0.01291 个
[07-17 15:26:11] [INFO] [GXB:171] 偷取用户  江南无限好 的 PPS 0.00832 个
[07-17 15:26:59] [INFO] [GXB:171] 偷取用户  赵公子 的 GXS 1.9E-4 个
[07-17 15:31:04] [INFO] [GXB:171] 偷取用户  mzsdreams 的 PPS 0.02372 个
[07-17 15:32:02] [INFO] [GXB:171] 偷取用户  cr7 的 LUCIA 0.00838 个
[07-17 15:34:07] [INFO] [GXB:171] 偷取用户  扬帆 的 GXS 6.4E-4 个
[07-17 15:36:15] [INFO] [GXB:214] 偷取用户 luckylucky 的 GXS 3.4E-4 个
[07-17 15:39:04] [INFO] [GXB:171] 偷取用户  叶惠链 的 PPS 0.00207 个
[07-17 15:40:14] [INFO] [GXB:171] 偷取用户  度坡四 的 GXS 4.0E-4 个
[07-17 15:44:03] [INFO] [GXB:171] 偷取用户  lgn 的 LUCIA 0.00269 个
[07-17 15:47:14] [INFO] [GXB:171] 偷取用户  低调的整一下 的 LVCOIN 0.00211 个
[07-17 15:47:15] [INFO] [GXB:171] 偷取用户  懒张 的 GXS 4.2E-4 个
[07-17 15:49:03] [INFO] [GXB:171] 偷取用户  凯&盛 的 LUCIA 0.00284 个
[07-17 15:49:07] [INFO] [GXB:171] 偷取用户  WLSong 的 PPS 0.00361 个
[07-17 15:50:10] [INFO] [GXB:171] 偷取用户  hubio 的 GXS 5.9E-4 个
[07-17 15:54:21] [INFO] [GXB:171] 偷取用户  拒$绝 的 LUCIA 0.00184 个
[07-17 15:57:10] [INFO] [GXB:171] 偷取用户  X'Rose🎸 的 LUCIA 0.00274 个
[07-17 16:03:03] [INFO] [GXB:171] 偷取用户  X'Rose🎸 的 GXS 3.4E-4 个
[07-17 16:04:17] [INFO] [GXB:214] 偷取用户 luckylucky 的 GXS 3.5E-4 个
[07-17 16:05:04] [INFO] [GXB:171] 偷取用户  sfly 的 LVCOIN 0.00148 个
[07-17 16:07:59] [INFO] [GXB:171] 偷取用户  mzsdreams 的 LUCIA 0.01522 个
[07-17 16:10:08] [INFO] [GXB:171] 偷取用户  小月姐姐 的 GXS 5.0E-4 个
[07-17 16:11:13] [INFO] [GXB:171] 偷取用户  杜寒号 的 GXS 3.3E-4 个
[07-17 16:12:13] [INFO] [GXB:171] 偷取用户  u物语 的 GXS 4.7E-4 个
[07-17 16:17:01] [INFO] [GXB:171] 偷取用户  李大财主爱千顷良田 的 GXS 0.001 个
[07-17 16:19:09] [INFO] [GXB:171] 偷取用户  sfly 的 GXS 1.8E-4 个
[07-17 16:20:06] [INFO] [GXB:171] 偷取用户  u物语 的 BDB 0.07353 个
[07-17 16:22:02] [INFO] [GXB:171] 偷取用户  碧血青天 的 GXS 4.1E-4 个
[07-17 16:22:09] [INFO] [GXB:214] 偷取用户 一间堡大骗子 的 LUCIA 0.02986 个
[07-17 16:23:01] [INFO] [GXB:171] 偷取用户  戊戌成 的 GXS 2.7E-4 个
[07-17 16:29:13] [INFO] [GXB:171] 偷取用户  努力装钱 的 GXS 2.8E-4 个
[07-17 16:30:10] [INFO] [GXB:171] 偷取用户  熊汪 的 LVCOIN 0.00547 个
[07-17 16:30:11] [INFO] [GXB:171] 偷取用户  邀请码FWDGXV 的 BDB 0.05648 个
[07-17 16:30:13] [INFO] [GXB:171] 偷取用户  拒$绝 的 LUCIA 0.00184 个
[07-17 16:31:02] [INFO] [GXB:171] 偷取用户  简简单单就 的 PPS 0.00363 个
[07-17 16:31:03] [INFO] [GXB:171] 偷取用户  忆香艾尔 的 GXS 4.2E-4 个
[07-17 16:31:08] [INFO] [GXB:171] 偷取用户  cr7 的 LVCOIN 0.00878 个
[07-17 16:32:07] [INFO] [GXB:171] 偷取用户  雄哥哥 的 PPS 0.00475 个
[07-17 16:36:12] [INFO] [GXB:171] 偷取用户  李大财主爱千顷良田 的 GXS 4.3E-4 个
[07-17 16:36:14] [INFO] [GXB:171] 偷取用户  度坡四 的 LVCOIN 0.00323 个
[07-17 16:37:11] [INFO] [GXB:171] 偷取用户  小月姐姐 的 BDB 0.05045 个
[07-17 16:41:14] [INFO] [GXB:171] 偷取用户  萧雨夜 的 LUCIA 0.00468 个
[07-17 16:43:00] [INFO] [GXB:171] 偷取用户  hubio 的 LUCIA 0.0053 个
[07-17 16:51:05] [INFO] [GXB:171] 偷取用户  萧雨夜 的 GXS 0.00233 个
[07-17 16:53:00] [INFO] [GXB:171] 偷取用户  凄美星空 的 LUCIA 0.00298 个
[07-17 16:55:14] [INFO] [GXB:214] 偷取用户 Yc御晨 的 GXS 4.0E-4 个
[07-17 16:57:11] [INFO] [GXB:171] 偷取用户  合作共赢天下 的 GXS 5.0E-4 个
[07-17 17:01:02] [INFO] [GXB:171] 偷取用户  江南无限好 的 BDB 0.03849 个
[07-17 17:01:03] [INFO] [GXB:171] 偷取用户  yuki_smiler 的 GXS 4.0E-4 个
[07-17 17:03:08] [INFO] [GXB:171] 偷取用户  漫游华尔街 的 LUCIA 0.00751 个
[07-17 17:04:10] [INFO] [GXB:171] 偷取用户  时光虛度 的 GXS 7.9E-4 个
[07-17 17:05:12] [INFO] [GXB:214] 偷取用户 一间堡大骗子 的 GXS 6.4E-4 个
[07-17 17:06:15] [INFO] [GXB:171] 偷取用户  diaoslee 的 GXS 5.7E-4 个
[07-17 17:11:02] [INFO] [GXB:171] 偷取用户  cr7 的 GXS 5.4E-4 个
[07-17 17:12:02] [INFO] [GXB:171] 偷取用户  赵公子 的 PPS 0.00153 个
[07-17 17:12:04] [INFO] [GXB:171] 偷取用户  碧血青天 的 BDB 0.01058 个
[07-17 17:14:04] [INFO] [GXB:171] 偷取用户  *刘洋 的 LVCOIN 0.00867 个
[07-17 17:14:05] [INFO] [GXB:171] 偷取用户  diaoslee 的 LVCOIN 0.00465 个
[07-17 17:16:00] [INFO] [GXB:171] 偷取用户  张志峰1 的 LUCIA 0.00238 个
[07-17 17:17:10] [INFO] [GXB:171] 偷取用户  萧雨夜 的 BDB 0.01502 个
[07-17 17:18:12] [INFO] [GXB:171] 偷取用户  *刘洋 的 BDB 0.00663 个
[07-17 17:20:06] [INFO] [GXB:214] 偷取用户 韭菜王者 的 GXS 0.0012 个
[07-17 17:20:58] [INFO] [GXB:171] 偷取用户  赵公子 的 LVCOIN 0.00232 个
[07-17 17:24:10] [INFO] [GXB:171] 偷取用户  简简单单就 的 BDB 0.04485 个
[07-17 17:24:11] [INFO] [GXB:171] 偷取用户  thirty nine 的 GXS 5.7E-4 个
[07-17 17:25:08] [INFO] [GXB:214] 偷取用户 Yc御晨 的 BCDN 0.00496 个
[07-17 17:27:01] [INFO] [GXB:171] 偷取用户  低调的整一下 的 PPS 0.0021 个
[07-17 17:27:59] [INFO] [GXB:171] 偷取用户  yuki_smiler 的 BDB 0.01031 个
[07-17 17:29:04] [INFO] [GXB:171] 偷取用户  快乐的桔子 的 GXS 3.7E-4 个
[07-17 17:29:07] [INFO] [GXB:171] 偷取用户  lgn 的 PPS 0.0028 个
